<?xml version="1.0" encoding="UTF-8"?>
<TestRun id="5d6806f1-5a31-4e8f-a01c-0428c18814ce" name="Anderson@ANDERSON-PC 2012-11-24 16:25:19" runUser="Anderson-PC\Anderson" xmlns="http://microsoft.com/schemas/VisualStudio/TeamTest/2010">
  <TestSettings name="Local" id="123ace43-75b3-4165-9917-4aec668fa513">
    <Description>These are default test settings for a local test run.</Description>
    <Deployment enabled="false" runDeploymentRoot="Anderson_ANDERSON-PC 2012-11-24 16_25_19">
      <DeploymentItem filename="D:\Aulas de Pos-Graduação\Thiago - Laboratorio de Praticas Ageis\Trabalho Final\NET Sistemas\NetSistema.DAO\bin\Debug\NET_DAO.dll" />
      <DeploymentItem filename="D:\Aulas de Pos-Graduação\Thiago - Laboratorio de Praticas Ageis\Trabalho Final\NET Sistemas\NetSistemas.UI\bin\NET Sistemas.dll" />
      <DeploymentItem filename="D:\Aulas de Pos-Graduação\Thiago - Laboratorio de Praticas Ageis\Trabalho Final\NET Sistemas\NetSistema.DTO\bin\Debug\NetSistema.DTO.dll" />
      <DeploymentItem filename="D:\Aulas de Pos-Graduação\Thiago - Laboratorio de Praticas Ageis\Trabalho Final\NET Sistemas\NetSistema.Controller\bin\Debug\NetSistema.Controller.dll" />
    </Deployment>
    <Execution>
      <TestTypeSpecific />
      <AgentRule name="Execution Agents">
      </AgentRule>
    </Execution>
  </TestSettings>
  <Times creation="2012-11-24T16:25:19.6677048-02:00" queuing="2012-11-24T16:25:19.8393051-02:00" start="2012-11-24T16:25:19.8705051-02:00" finish="2012-11-24T16:25:20.4009060-02:00" />
  <ResultSummary outcome="Completed">
    <Counters total="1" executed="1" passed="1" error="0" failed="0" timeout="0" aborted="0" inconclusive="0" passedButRunAborted="0" notRunnable="0" notExecuted="0" disconnected="0" warning="0" completed="0" inProgress="0" pending="0" />
  </ResultSummary>
  <TestDefinitions>
    <UnitTest name="TesteQuantidadeDeCaracteres" storage="d:\aulas de pos-graduação\thiago - laboratorio de praticas ageis\trabalho final\net sistemas\testprojectnetsistemas\bin\debug\testprojectnetsistemas.dll" id="96c43102-3bbf-924a-51c4-b75a0dca7d2d">
      <Execution id="8dacdddb-cadf-4529-a2d5-c2a3fed4e21f" />
      <TestMethod codeBase="D:/Aulas de Pos-Graduação/Thiago - Laboratorio de Praticas Ageis/Trabalho Final/NET Sistemas/TestProjectNetSistemas/bin/Debug/TestProjectNetSistemas.DLL" adapterTypeName="Microsoft.VisualStudio.TestTools.TestTypes.Unit.UnitTestAdapter, Microsoft.VisualStudio.QualityTools.Tips.UnitTest.Adapter, Version=10.0.0.0, Culture=neutral, PublicKeyToken=b03f5f7f11d50a3a" className="TestProjectNetSistemas.UnitTest1, TestProjectNetSistemas, Version=1.0.0.0, Culture=neutral, PublicKeyToken=null" name="TesteQuantidadeDeCaracteres" />
    </UnitTest>
  </TestDefinitions>
  <TestLists>
    <TestList name="Results Not in a List" id="8c84fa94-04c1-424b-9868-57a2d4851a1d" />
    <TestList name="All Loaded Results" id="19431567-8539-422a-85d7-44ee4e166bda" />
  </TestLists>
  <TestEntries>
    <TestEntry testId="96c43102-3bbf-924a-51c4-b75a0dca7d2d" executionId="8dacdddb-cadf-4529-a2d5-c2a3fed4e21f" testListId="8c84fa94-04c1-424b-9868-57a2d4851a1d" />
  </TestEntries>
  <Results>
    <UnitTestResult executionId="8dacdddb-cadf-4529-a2d5-c2a3fed4e21f" testId="96c43102-3bbf-924a-51c4-b75a0dca7d2d" testName="TesteQuantidadeDeCaracteres" computerName="ANDERSON-PC" duration="00:00:00.1543445" startTime="2012-11-24T16:25:19.8861051-02:00" endTime="2012-11-24T16:25:20.3853060-02:00" testType="13cdc9d9-ddb5-4fa4-a97d-d965ccfc6d4b" outcome="Passed" testListId="8c84fa94-04c1-424b-9868-57a2d4851a1d" relativeResultsDirectory="8dacdddb-cadf-4529-a2d5-c2a3fed4e21f">
    </UnitTestResult>
  </Results>
</TestRun>