<?xml version="1.0" encoding="UTF-8"?>
<TestRun id="ea6be8a8-cb3a-4544-a39b-e8ab8d978318" name="Anderson@ANDERSON-PC 2012-11-24 16:18:04" runUser="Anderson-PC\Anderson" xmlns="http://microsoft.com/schemas/VisualStudio/TeamTest/2010">
  <TestSettings name="Local" id="123ace43-75b3-4165-9917-4aec668fa513">
    <Description>These are default test settings for a local test run.</Description>
    <Deployment enabled="false" runDeploymentRoot="Anderson_ANDERSON-PC 2012-11-24 16_18_04">
      <DeploymentItem filename="D:\Aulas de Pos-Graduação\Thiago - Laboratorio de Praticas Ageis\Trabalho Final\NET Sistemas\NetSistema.DAO\bin\Debug\NET_DAO.dll" />
      <DeploymentItem filename="D:\Aulas de Pos-Graduação\Thiago - Laboratorio de Praticas Ageis\Trabalho Final\NET Sistemas\NetSistemas.UI\bin\NET Sistemas.dll" />
      <DeploymentItem filename="D:\Aulas de Pos-Graduação\Thiago - Laboratorio de Praticas Ageis\Trabalho Final\NET Sistemas\NetSistema.DTO\bin\Debug\NetSistema.DTO.dll" />
      <DeploymentItem filename="D:\Aulas de Pos-Graduação\Thiago - Laboratorio de Praticas Ageis\Trabalho Final\NET Sistemas\NetSistema.Controller\bin\Debug\NetSistema.Controller.dll" />
    </Deployment>
    <Execution>
      <TestTypeSpecific />
      <AgentRule name="Execution Agents">
      </AgentRule>
    </Execution>
  </TestSettings>
  <Times creation="2012-11-24T16:18:04.9153326-02:00" queuing="2012-11-24T16:18:05.0903426-02:00" start="2012-11-24T16:18:05.1381427-02:00" finish="2012-11-24T16:18:05.9025440-02:00" />
  <ResultSummary outcome="Failed">
    <Counters total="1" executed="1" error="0" failed="1" timeout="0" aborted="0" inconclusive="0" passedButRunAborted="0" notRunnable="0" notExecuted="0" disconnected="0" warning="0" passed="0" completed="0" inProgress="0" pending="0" />
  </ResultSummary>
  <TestDefinitions>
    <UnitTest name="InsercaoDePacoteValido" storage="d:\aulas de pos-graduação\thiago - laboratorio de praticas ageis\trabalho final\net sistemas\testprojectnetsistemas\bin\debug\testprojectnetsistemas.dll" id="72a8e321-1312-1611-c2cb-7ecd7b855205">
      <Execution id="bd2dbb82-e31e-4ff3-b560-d48cdec99b75" />
      <TestMethod codeBase="D:/Aulas de Pos-Graduação/Thiago - Laboratorio de Praticas Ageis/Trabalho Final/NET Sistemas/TestProjectNetSistemas/bin/Debug/TestProjectNetSistemas.DLL" adapterTypeName="Microsoft.VisualStudio.TestTools.TestTypes.Unit.UnitTestAdapter, Microsoft.VisualStudio.QualityTools.Tips.UnitTest.Adapter, Version=10.0.0.0, Culture=neutral, PublicKeyToken=b03f5f7f11d50a3a" className="TestProjectNetSistemas.UnitTest1, TestProjectNetSistemas, Version=1.0.0.0, Culture=neutral, PublicKeyToken=null" name="InsercaoDePacoteValido" />
    </UnitTest>
  </TestDefinitions>
  <TestLists>
    <TestList name="Results Not in a List" id="8c84fa94-04c1-424b-9868-57a2d4851a1d" />
    <TestList name="All Loaded Results" id="19431567-8539-422a-85d7-44ee4e166bda" />
  </TestLists>
  <TestEntries>
    <TestEntry testId="72a8e321-1312-1611-c2cb-7ecd7b855205" executionId="bd2dbb82-e31e-4ff3-b560-d48cdec99b75" testListId="8c84fa94-04c1-424b-9868-57a2d4851a1d" />
  </TestEntries>
  <Results>
    <UnitTestResult executionId="bd2dbb82-e31e-4ff3-b560-d48cdec99b75" testId="72a8e321-1312-1611-c2cb-7ecd7b855205" testName="InsercaoDePacoteValido" computerName="ANDERSON-PC" duration="00:00:00.3461453" startTime="2012-11-24T16:18:05.1537427-02:00" endTime="2012-11-24T16:18:05.8713440-02:00" testType="13cdc9d9-ddb5-4fa4-a97d-d965ccfc6d4b" outcome="Failed" testListId="8c84fa94-04c1-424b-9868-57a2d4851a1d" relativeResultsDirectory="bd2dbb82-e31e-4ff3-b560-d48cdec99b75">
      <Output>
        <ErrorInfo>
          <Message>Test method TestProjectNetSistemas.UnitTest1.InsercaoDePacoteValido threw exception: 
MySql.Data.MySqlClient.MySqlException: Access denied for user ''@'localhost' (using password: NO)</Message>
          <StackTrace>    at NetSistema.Controller.PacotesCT.Insere(PacotesDTO pPacotesDTO) in D:\Aulas de Pos-Graduação\Thiago - Laboratorio de Praticas Ageis\Trabalho Final\NET Sistemas\NetSistema.Controller\PacotesCT.cs:line 60
   at TestProjectNetSistemas.UnitTest1.InsercaoDePacoteValido() in D:\Aulas de Pos-Graduação\Thiago - Laboratorio de Praticas Ageis\Trabalho Final\NET Sistemas\TestProjectNetSistemas\UnitTest1.cs:line 107
</StackTrace>
        </ErrorInfo>
      </Output>
    </UnitTestResult>
  </Results>
</TestRun>