<?xml version="1.0" encoding="UTF-8"?>
<TestRun id="0c043d04-9223-4dc7-b4fa-f1b4f7abe756" name="Anderson@ANDERSON-PC 2012-11-24 16:19:33" runUser="Anderson-PC\Anderson" xmlns="http://microsoft.com/schemas/VisualStudio/TeamTest/2010">
  <TestSettings name="Local" id="123ace43-75b3-4165-9917-4aec668fa513">
    <Description>These are default test settings for a local test run.</Description>
    <Deployment enabled="false" runDeploymentRoot="Anderson_ANDERSON-PC 2012-11-24 16_19_33">
      <DeploymentItem filename="D:\Aulas de Pos-Graduação\Thiago - Laboratorio de Praticas Ageis\Trabalho Final\NET Sistemas\NetSistema.DAO\bin\Debug\NET_DAO.dll" />
      <DeploymentItem filename="D:\Aulas de Pos-Graduação\Thiago - Laboratorio de Praticas Ageis\Trabalho Final\NET Sistemas\NetSistemas.UI\bin\NET Sistemas.dll" />
      <DeploymentItem filename="D:\Aulas de Pos-Graduação\Thiago - Laboratorio de Praticas Ageis\Trabalho Final\NET Sistemas\NetSistema.DTO\bin\Debug\NetSistema.DTO.dll" />
      <DeploymentItem filename="D:\Aulas de Pos-Graduação\Thiago - Laboratorio de Praticas Ageis\Trabalho Final\NET Sistemas\NetSistema.Controller\bin\Debug\NetSistema.Controller.dll" />
    </Deployment>
    <Execution>
      <TestTypeSpecific />
      <AgentRule name="Execution Agents">
      </AgentRule>
    </Execution>
  </TestSettings>
  <Times creation="2012-11-24T16:19:33.4819669-02:00" queuing="2012-11-24T16:19:34.8693909-02:00" start="2012-11-24T16:19:35.1813914-02:00" finish="2012-11-24T16:20:18.3424817-02:00" />
  <ResultSummary outcome="Error">
    <Counters total="1" executed="1" error="0" failed="0" timeout="0" aborted="1" inconclusive="0" passedButRunAborted="0" notRunnable="0" notExecuted="0" disconnected="0" warning="0" passed="0" completed="0" inProgress="0" pending="0" />
    <RunInfos>
      <RunInfo computerName="ANDERSON-PC" outcome="Error" timestamp="2012-11-24T16:20:18.3424817-02:00">
        <Text>Test host process exited unexpectedly.</Text>
      </RunInfo>
    </RunInfos>
  </ResultSummary>
  <TestDefinitions>
    <UnitTest name="TesteQuantidadeDeCaracteres" storage="d:\aulas de pos-graduação\thiago - laboratorio de praticas ageis\trabalho final\net sistemas\testprojectnetsistemas\bin\debug\testprojectnetsistemas.dll" id="96c43102-3bbf-924a-51c4-b75a0dca7d2d">
      <Execution id="5bb8d3b7-6ec2-4ff2-992b-2e16a13d06c1" />
      <TestMethod codeBase="D:/Aulas de Pos-Graduação/Thiago - Laboratorio de Praticas Ageis/Trabalho Final/NET Sistemas/TestProjectNetSistemas/bin/Debug/TestProjectNetSistemas.DLL" adapterTypeName="Microsoft.VisualStudio.TestTools.TestTypes.Unit.UnitTestAdapter, Microsoft.VisualStudio.QualityTools.Tips.UnitTest.Adapter, Version=10.0.0.0, Culture=neutral, PublicKeyToken=b03f5f7f11d50a3a" className="TestProjectNetSistemas.UnitTest1, TestProjectNetSistemas, Version=1.0.0.0, Culture=neutral, PublicKeyToken=null" name="TesteQuantidadeDeCaracteres" />
    </UnitTest>
  </TestDefinitions>
  <TestLists>
    <TestList name="Results Not in a List" id="8c84fa94-04c1-424b-9868-57a2d4851a1d" />
    <TestList name="All Loaded Results" id="19431567-8539-422a-85d7-44ee4e166bda" />
  </TestLists>
  <TestEntries>
    <TestEntry testId="96c43102-3bbf-924a-51c4-b75a0dca7d2d" executionId="5bb8d3b7-6ec2-4ff2-992b-2e16a13d06c1" testListId="8c84fa94-04c1-424b-9868-57a2d4851a1d" />
  </TestEntries>
  <Results>
    <UnitTestResult executionId="5bb8d3b7-6ec2-4ff2-992b-2e16a13d06c1" testId="96c43102-3bbf-924a-51c4-b75a0dca7d2d" testName="TesteQuantidadeDeCaracteres" computerName="ANDERSON-PC" duration="00:00:42.9114898" startTime="2012-11-24T16:19:35.4309919-02:00" endTime="2012-11-24T16:20:18.3424817-02:00" testType="13cdc9d9-ddb5-4fa4-a97d-d965ccfc6d4b" outcome="Aborted" testListId="8c84fa94-04c1-424b-9868-57a2d4851a1d" relativeResultsDirectory="5bb8d3b7-6ec2-4ff2-992b-2e16a13d06c1">
    </UnitTestResult>
  </Results>
</TestRun>